<?xml version="1.0" encoding="UTF-8"?>
<!-- Generated by org.testng.reporters.JUnitXMLReporter -->
<testsuite ignored="0" hostname="DESKTOP-0O0UUD4" failures="0" tests="4" name="Surefire test" time="11.874" errors="0" timestamp="2024-12-09T13:32:57 SAST">
  <testcase classname="api.test.UserTests" name="testPostUser" time="4.12"/>
  <testcase classname="api.test.UserTests" name="testReadUser" time="1.908"/>
  <testcase classname="api.test.UserTests" name="testUpdateUser" time="3.696"/>
  <testcase classname="api.test.UserTests" name="testDeleteUser" time="1.878"/>
</testsuite> <!-- Surefire test -->
