<?xml version="1.0" encoding="UTF-8"?>
<!-- Generated by org.testng.reporters.JUnitXMLReporter -->
<testsuite ignored="0" hostname="DESKTOP-0O0UUD4" failures="0" tests="4" name="Default test" time="11.941" errors="0" timestamp="2024-12-09T13:23:14 SAST">
  <testcase classname="api.test.UserTests2" name="testPostUser" time="4.155"/>
  <testcase classname="api.test.UserTests2" name="testReadUser" time="1.86"/>
  <testcase classname="api.test.UserTests2" name="testUpdateUser" time="3.764"/>
  <testcase classname="api.test.UserTests2" name="testDeleteUser" time="1.838"/>
</testsuite> <!-- Default test -->
