<?xml version="1.0" encoding="UTF-8"?>
<!-- Generated by org.testng.reporters.JUnitXMLReporter -->
<testsuite ignored="0" hostname="DESKTOP-0O0UUD4" failures="0" tests="8" name="Test" time="21.21" errors="0" timestamp="2024-12-09T13:36:45 SAST">
  <testcase classname="api.test.UserTests" name="testPostUser" time="4.043"/>
  <testcase classname="api.test.UserTests" name="testReadUser" time="1.878"/>
  <testcase classname="api.test.UserTests" name="testUpdateUser" time="3.725"/>
  <testcase classname="api.test.UserTests" name="testDeleteUser" time="1.871"/>
  <testcase classname="api.test.UserTests2" name="testPostUser" time="1.858"/>
  <testcase classname="api.test.UserTests2" name="testReadUser" time="1.86"/>
  <testcase classname="api.test.UserTests2" name="testUpdateUser" time="3.712"/>
  <testcase classname="api.test.UserTests2" name="testDeleteUser" time="1.87"/>
</testsuite> <!-- Test -->
