<?xml version="1.0" encoding="UTF-8"?>
<testng-results ignored="0" total="8" passed="8" failed="0" skipped="0">
  <reporter-output>
  </reporter-output>
  <suite started-at="2024-12-09T13:36:24 SAST" name="Suite" finished-at="2024-12-09T13:36:45 SAST" duration-ms="21210">
    <groups>
    </groups>
    <test started-at="2024-12-09T13:36:24 SAST" name="Test" finished-at="2024-12-09T13:36:45 SAST" duration-ms="21210">
      <class name="api.test.UserTests2">
        <test-method is-config="true" signature="setupData()[pri:0, instance:api.test.UserTests2@7c7b252e]" started-at="2024-12-09T13:36:36 SAST" name="setupData" finished-at="2024-12-09T13:36:36 SAST" duration-ms="102" status="PASS">
          <reporter-output>
          </reporter-output>
        </test-method> <!-- setupData -->
        <test-method signature="testPostUser()[pri:1, instance:api.test.UserTests2@7c7b252e]" started-at="2024-12-09T13:36:36 SAST" name="testPostUser" finished-at="2024-12-09T13:36:38 SAST" duration-ms="1858" status="PASS">
          <reporter-output>
          </reporter-output>
        </test-method> <!-- testPostUser -->
        <test-method signature="testReadUser()[pri:2, instance:api.test.UserTests2@7c7b252e]" started-at="2024-12-09T13:36:38 SAST" name="testReadUser" finished-at="2024-12-09T13:36:40 SAST" duration-ms="1860" status="PASS">
          <reporter-output>
          </reporter-output>
        </test-method> <!-- testReadUser -->
        <test-method signature="testUpdateUser()[pri:3, instance:api.test.UserTests2@7c7b252e]" started-at="2024-12-09T13:36:40 SAST" name="testUpdateUser" finished-at="2024-12-09T13:36:44 SAST" duration-ms="3712" status="PASS">
          <reporter-output>
          </reporter-output>
        </test-method> <!-- testUpdateUser -->
        <test-method signature="testDeleteUser()[pri:4, instance:api.test.UserTests2@7c7b252e]" started-at="2024-12-09T13:36:44 SAST" name="testDeleteUser" finished-at="2024-12-09T13:36:45 SAST" duration-ms="1870" status="PASS">
          <reporter-output>
          </reporter-output>
        </test-method> <!-- testDeleteUser -->
      </class> <!-- api.test.UserTests2 -->
      <class name="api.test.UserTests">
        <test-method is-config="true" signature="setupData()[pri:0, instance:api.test.UserTests@2a4fb17b]" started-at="2024-12-09T13:36:24 SAST" name="setupData" finished-at="2024-12-09T13:36:24 SAST" duration-ms="222" status="PASS">
          <reporter-output>
          </reporter-output>
        </test-method> <!-- setupData -->
        <test-method signature="testPostUser()[pri:1, instance:api.test.UserTests@2a4fb17b]" started-at="2024-12-09T13:36:24 SAST" name="testPostUser" finished-at="2024-12-09T13:36:29 SAST" duration-ms="4043" status="PASS">
          <reporter-output>
          </reporter-output>
        </test-method> <!-- testPostUser -->
        <test-method signature="testReadUser()[pri:2, instance:api.test.UserTests@2a4fb17b]" started-at="2024-12-09T13:36:29 SAST" name="testReadUser" finished-at="2024-12-09T13:36:30 SAST" duration-ms="1878" status="PASS">
          <reporter-output>
          </reporter-output>
        </test-method> <!-- testReadUser -->
        <test-method signature="testUpdateUser()[pri:3, instance:api.test.UserTests@2a4fb17b]" started-at="2024-12-09T13:36:30 SAST" name="testUpdateUser" finished-at="2024-12-09T13:36:34 SAST" duration-ms="3725" status="PASS">
          <reporter-output>
          </reporter-output>
        </test-method> <!-- testUpdateUser -->
        <test-method signature="testDeleteUser()[pri:4, instance:api.test.UserTests@2a4fb17b]" started-at="2024-12-09T13:36:34 SAST" name="testDeleteUser" finished-at="2024-12-09T13:36:36 SAST" duration-ms="1871" status="PASS">
          <reporter-output>
          </reporter-output>
        </test-method> <!-- testDeleteUser -->
      </class> <!-- api.test.UserTests -->
    </test> <!-- Test -->
  </suite> <!-- Suite -->
</testng-results>
