<?xml version="1.0" encoding="UTF-8"?>
<testng-results ignored="0" total="4" passed="4" failed="0" skipped="0">
  <reporter-output>
  </reporter-output>
  <suite started-at="2024-12-09T13:23:02 SAST" name="Default suite" finished-at="2024-12-09T13:23:14 SAST" duration-ms="11941">
    <groups>
    </groups>
    <test started-at="2024-12-09T13:23:02 SAST" name="Default test" finished-at="2024-12-09T13:23:14 SAST" duration-ms="11941">
      <class name="api.test.UserTests2">
        <test-method is-config="true" signature="setupData()[pri:0, instance:api.test.UserTests2@77f1baf5]" started-at="2024-12-09T13:23:02 SAST" name="setupData" finished-at="2024-12-09T13:23:03 SAST" duration-ms="252" status="PASS">
          <reporter-output>
          </reporter-output>
        </test-method> <!-- setupData -->
        <test-method signature="testPostUser()[pri:1, instance:api.test.UserTests2@77f1baf5]" started-at="2024-12-09T13:23:03 SAST" name="testPostUser" finished-at="2024-12-09T13:23:07 SAST" duration-ms="4155" status="PASS">
          <reporter-output>
          </reporter-output>
        </test-method> <!-- testPostUser -->
        <test-method signature="testReadUser()[pri:2, instance:api.test.UserTests2@77f1baf5]" started-at="2024-12-09T13:23:07 SAST" name="testReadUser" finished-at="2024-12-09T13:23:09 SAST" duration-ms="1860" status="PASS">
          <reporter-output>
          </reporter-output>
        </test-method> <!-- testReadUser -->
        <test-method signature="testUpdateUser()[pri:3, instance:api.test.UserTests2@77f1baf5]" started-at="2024-12-09T13:23:09 SAST" name="testUpdateUser" finished-at="2024-12-09T13:23:12 SAST" duration-ms="3764" status="PASS">
          <reporter-output>
          </reporter-output>
        </test-method> <!-- testUpdateUser -->
        <test-method signature="testDeleteUser()[pri:4, instance:api.test.UserTests2@77f1baf5]" started-at="2024-12-09T13:23:12 SAST" name="testDeleteUser" finished-at="2024-12-09T13:23:14 SAST" duration-ms="1838" status="PASS">
          <reporter-output>
          </reporter-output>
        </test-method> <!-- testDeleteUser -->
      </class> <!-- api.test.UserTests2 -->
    </test> <!-- Default test -->
  </suite> <!-- Default suite -->
</testng-results>
